
optiboot_atmega168.elf:     file format elf32-avr

Sections:
Idx Name          Size      VMA       LMA       File off  Algn
  0 .text         000001ea  00003e00  00003e00  00000074  2**1
                  CONTENTS, ALLOC, LOAD, READONLY, CODE
  1 .version      00000002  00003ffe  00003ffe  0000025e  2**0
                  CONTENTS, ALLOC, LOAD, READONLY, DATA
  2 .debug_aranges 00000030  00000000  00000000  00000260  2**0
                  CONTENTS, READONLY, DEBUGGING
  3 .debug_pubnames 00000081  00000000  00000000  00000290  2**0
                  CONTENTS, READONLY, DEBUGGING
  4 .debug_info   00000459  00000000  00000000  00000311  2**0
                  CONTENTS, READONLY, DEBUGGING
  5 .debug_abbrev 000001f6  00000000  00000000  0000076a  2**0
                  CONTENTS, READONLY, DEBUGGING
  6 .debug_line   00000429  00000000  00000000  00000960  2**0
                  CONTENTS, READONLY, DEBUGGING
  7 .debug_frame  000000a0  00000000  00000000  00000d8c  2**2
                  CONTENTS, READONLY, DEBUGGING
  8 .debug_str    00000197  00000000  00000000  00000e2c  2**0
                  CONTENTS, READONLY, DEBUGGING
  9 .debug_loc    000002ac  00000000  00000000  00000fc3  2**0
                  CONTENTS, READONLY, DEBUGGING
 10 .debug_ranges 00000058  00000000  00000000  0000126f  2**0
                  CONTENTS, READONLY, DEBUGGING

Disassembly of section .text:

00003e00 <pre_main>:
#else
#define appstart_vec (0)
#endif // VIRTUAL_BOOT_PARTITION

/* everything that needs to run VERY early */
void pre_main(void) {
    3e00:	01 c0       	rjmp	.+2      	; 0x3e04 <main>
    3e02:	e3 c0       	rjmp	.+454    	; 0x3fca <do_spm>

00003e04 <main>:
#ifdef DOSELF
    "	rjmp	do_self\n"
#endif
    "1:\n"
  );
}
    3e04:	11 24       	eor	r1, r1
   * and still skip bootloader if not necessary
   * 
   * Code by MarkG55
   * see discusion in https://github.com/Optiboot/optiboot/issues/97
   */
  ch = MCUSR;
    3e06:	44 b7       	in	r20, 0x34	; 52
  if (ch != 0) {
    3e08:	44 23       	and	r20, r20
    3e0a:	69 f0       	breq	.+26     	; 0x3e26 <main+0x22>
    if ((ch & (_BV(WDRF) | _BV(EXTRF))) != _BV(EXTRF)) { // To run the boot loader, External Reset Flag must be set and the Watchdog Flag MUST be cleared!  Otherwise jump straight to user code.
    3e0c:	24 2f       	mov	r18, r20
    3e0e:	30 e0       	ldi	r19, 0x00	; 0
    3e10:	c9 01       	movw	r24, r18
    3e12:	8a 70       	andi	r24, 0x0A	; 10
    3e14:	90 70       	andi	r25, 0x00	; 0
    3e16:	02 97       	sbiw	r24, 0x02	; 2
    3e18:	31 f0       	breq	.+12     	; 0x3e26 <main+0x22>
      if (ch & _BV(EXTRF)) 
    3e1a:	41 ff       	sbrs	r20, 1
    3e1c:	02 c0       	rjmp	.+4      	; 0x3e22 <main+0x1e>
          MCUSR = ~(_BV(WDRF));  // Clear WDRF because it was actually caused by bootloader
    3e1e:	87 ef       	ldi	r24, 0xF7	; 247
    3e20:	84 bf       	out	0x34, r24	; 52
      appStart(ch);
    3e22:	84 2f       	mov	r24, r20
    3e24:	cc d0       	rcall	.+408    	; 0x3fbe <appStart>
    }
  }
  
#if LED_START_FLASHES > 0
  // Set up Timer 1 for timeout counter
  TCCR1B = _BV(CS12) | _BV(CS10); // div 1024
    3e26:	85 e0       	ldi	r24, 0x05	; 5
    3e28:	80 93 81 00 	sts	0x0081, r24
  UCSRA = _BV(U2X); //Double speed mode USART
  UCSRB = _BV(RXEN) | _BV(TXEN);  // enable Rx & Tx
  UCSRC = _BV(URSEL) | _BV(UCSZ1) | _BV(UCSZ0);  // config USART; 8N1
  UBRRL = (uint8_t)( (F_CPU + BAUD_RATE * 4L) / (BAUD_RATE * 8L) - 1 );
#else
  UART_SRA = _BV(U2X0); //Double speed mode USART0
    3e2c:	82 e0       	ldi	r24, 0x02	; 2
    3e2e:	80 93 c0 00 	sts	0x00C0, r24
  UART_SRB = _BV(RXEN0) | _BV(TXEN0);
    3e32:	88 e1       	ldi	r24, 0x18	; 24
    3e34:	80 93 c1 00 	sts	0x00C1, r24
  UART_SRC = _BV(UCSZ00) | _BV(UCSZ01);
    3e38:	86 e0       	ldi	r24, 0x06	; 6
    3e3a:	80 93 c2 00 	sts	0x00C2, r24
  UART_SRL = (uint8_t)( (F_CPU + BAUD_RATE * 4L) / (BAUD_RATE * 8L) - 1 );
    3e3e:	88 e0       	ldi	r24, 0x08	; 8
    3e40:	80 93 c4 00 	sts	0x00C4, r24
#endif
#endif

  // Set up watchdog to trigger after 1s
  watchdogConfig(WATCHDOG_1S);
    3e44:	8e e0       	ldi	r24, 0x0E	; 14
    3e46:	a5 d0       	rcall	.+330    	; 0x3f92 <watchdogConfig>

#if (LED_START_FLASHES > 0) || defined(LED_DATA_FLASH)
  /* Set LED pin as output */
  LED_DDR |= _BV(LED);
    3e48:	25 9a       	sbi	0x04, 5	; 4
    3e4a:	86 e0       	ldi	r24, 0x06	; 6
}

#if LED_START_FLASHES > 0
void flash_led(uint8_t count) {
  do {
    TCNT1 = -(F_CPU/(1024*16));
    3e4c:	28 e1       	ldi	r18, 0x18	; 24
    3e4e:	3e ef       	ldi	r19, 0xFE	; 254
    TIFR1 = _BV(TOV1);
    3e50:	91 e0       	ldi	r25, 0x01	; 1
}

#if LED_START_FLASHES > 0
void flash_led(uint8_t count) {
  do {
    TCNT1 = -(F_CPU/(1024*16));
    3e52:	30 93 85 00 	sts	0x0085, r19
    3e56:	20 93 84 00 	sts	0x0084, r18
    TIFR1 = _BV(TOV1);
    3e5a:	96 bb       	out	0x16, r25	; 22
    while(!(TIFR1 & _BV(TOV1)));
    3e5c:	b0 9b       	sbis	0x16, 0	; 22
    3e5e:	fe cf       	rjmp	.-4      	; 0x3e5c <main+0x58>
#if defined(__AVR_ATmega8__)  || defined (__AVR_ATmega32__)
    LED_PORT ^= _BV(LED);
#else
    LED_PIN |= _BV(LED);
    3e60:	1d 9a       	sbi	0x03, 5	; 3
}
#endif

// Watchdog functions. These are only safe with interrupts turned off.
void watchdogReset() {
  __asm__ __volatile__ (
    3e62:	a8 95       	wdr
    LED_PORT ^= _BV(LED);
#else
    LED_PIN |= _BV(LED);
#endif
    watchdogReset();
  } while (--count);
    3e64:	81 50       	subi	r24, 0x01	; 1
    3e66:	a9 f7       	brne	.-22     	; 0x3e52 <main+0x4e>
    3e68:	cc 24       	eor	r12, r12
    3e6a:	dd 24       	eor	r13, r13
#endif

  /* Forever loop: exits by causing WDT reset */
  for (;;) {
    /* get character from UART */
    ch = getch();
    3e6c:	86 d0       	rcall	.+268    	; 0x3f7a <getch>

    if(ch == STK_GET_PARAMETER) {
    3e6e:	81 34       	cpi	r24, 0x41	; 65
    3e70:	69 f4       	brne	.+26     	; 0x3e8c <main+0x88>
      unsigned char which = getch();
    3e72:	83 d0       	rcall	.+262    	; 0x3f7a <getch>
    3e74:	18 2f       	mov	r17, r24
      verifySpace();
    3e76:	93 d0       	rcall	.+294    	; 0x3f9e <verifySpace>
      /*
       * Send optiboot version as "SW version"
       * Note that the references to memory are optimized away.
       */
      if (which == STK_SW_MINOR) {
    3e78:	12 38       	cpi	r17, 0x82	; 130
    3e7a:	11 f4       	brne	.+4      	; 0x3e80 <main+0x7c>
	  putch(optiboot_version & 0xFF);
    3e7c:	82 e0       	ldi	r24, 0x02	; 2
    3e7e:	04 c0       	rjmp	.+8      	; 0x3e88 <main+0x84>
      } else if (which == STK_SW_MAJOR) {
    3e80:	11 38       	cpi	r17, 0x81	; 129
    3e82:	09 f4       	brne	.+2      	; 0x3e86 <main+0x82>
    3e84:	68 c0       	rjmp	.+208    	; 0x3f56 <main+0x152>
      } else {
	/*
	 * GET PARAMETER returns a generic 0x03 reply for
         * other parameters - enough to keep Avrdude happy
	 */
	putch(0x03);
    3e86:	83 e0       	ldi	r24, 0x03	; 3
    3e88:	70 d0       	rcall	.+224    	; 0x3f6a <putch>
    3e8a:	6c c0       	rjmp	.+216    	; 0x3f64 <main+0x160>
      }
    }
    else if(ch == STK_SET_DEVICE) {
    3e8c:	82 34       	cpi	r24, 0x42	; 66
    3e8e:	11 f4       	brne	.+4      	; 0x3e94 <main+0x90>
      // SET DEVICE is ignored
      getNch(20);
    3e90:	84 e1       	ldi	r24, 0x14	; 20
    3e92:	03 c0       	rjmp	.+6      	; 0x3e9a <main+0x96>
    }
    else if(ch == STK_SET_DEVICE_EXT) {
    3e94:	85 34       	cpi	r24, 0x45	; 69
    3e96:	19 f4       	brne	.+6      	; 0x3e9e <main+0x9a>
      // SET DEVICE EXT is ignored
      getNch(5);
    3e98:	85 e0       	ldi	r24, 0x05	; 5
    3e9a:	89 d0       	rcall	.+274    	; 0x3fae <getNch>
    3e9c:	63 c0       	rjmp	.+198    	; 0x3f64 <main+0x160>
    }
    else if(ch == STK_LOAD_ADDRESS) {
    3e9e:	85 35       	cpi	r24, 0x55	; 85
    3ea0:	79 f4       	brne	.+30     	; 0x3ec0 <main+0xbc>
      // LOAD ADDRESS
      uint16_t newAddress;
      newAddress = getch();
    3ea2:	6b d0       	rcall	.+214    	; 0x3f7a <getch>
      newAddress = (newAddress & 0xff) | (getch() << 8);
    3ea4:	e8 2e       	mov	r14, r24
    3ea6:	ff 24       	eor	r15, r15
    3ea8:	68 d0       	rcall	.+208    	; 0x3f7a <getch>
    3eaa:	08 2f       	mov	r16, r24
    3eac:	10 e0       	ldi	r17, 0x00	; 0
    3eae:	10 2f       	mov	r17, r16
    3eb0:	00 27       	eor	r16, r16
    3eb2:	0e 29       	or	r16, r14
    3eb4:	1f 29       	or	r17, r15
      }
      else {
        RAMPZ &= 0xFE;
      }
#endif
      newAddress += newAddress; // Convert from word address to byte address
    3eb6:	00 0f       	add	r16, r16
    3eb8:	11 1f       	adc	r17, r17
      address = newAddress;
      verifySpace();
    3eba:	71 d0       	rcall	.+226    	; 0x3f9e <verifySpace>
    3ebc:	68 01       	movw	r12, r16
    3ebe:	52 c0       	rjmp	.+164    	; 0x3f64 <main+0x160>
    }
    else if(ch == STK_UNIVERSAL) {
    3ec0:	86 35       	cpi	r24, 0x56	; 86
    3ec2:	21 f4       	brne	.+8      	; 0x3ecc <main+0xc8>
        getNch(3);
        putch(0x00);
      }
#else
      // UNIVERSAL command is ignored
      getNch(4);
    3ec4:	84 e0       	ldi	r24, 0x04	; 4
    3ec6:	73 d0       	rcall	.+230    	; 0x3fae <getNch>
      putch(0x00);
    3ec8:	80 e0       	ldi	r24, 0x00	; 0
    3eca:	de cf       	rjmp	.-68     	; 0x3e88 <main+0x84>
#endif
    }
    /* Write memory, length is big endian and is in bytes */
    else if(ch == STK_PROG_PAGE) {
    3ecc:	84 36       	cpi	r24, 0x64	; 100
    3ece:	69 f5       	brne	.+90     	; 0x3f2a <main+0x126>
      // PROGRAM PAGE - we support flash programming only, not EEPROM
      uint8_t desttype;
      uint8_t *bufPtr;
      pagelen_t savelength;

      GETLENGTH(length);
    3ed0:	54 d0       	rcall	.+168    	; 0x3f7a <getch>
    3ed2:	53 d0       	rcall	.+166    	; 0x3f7a <getch>
    3ed4:	e8 2e       	mov	r14, r24
      savelength = length;
      desttype = getch();
    3ed6:	51 d0       	rcall	.+162    	; 0x3f7a <getch>
    3ed8:	18 2f       	mov	r17, r24
    3eda:	c0 e0       	ldi	r28, 0x00	; 0
    3edc:	d1 e0       	ldi	r29, 0x01	; 1

      // read a page worth of contents
      bufPtr = buff;
      do *bufPtr++ = getch();
    3ede:	4d d0       	rcall	.+154    	; 0x3f7a <getch>
    3ee0:	89 93       	st	Y+, r24
      while (--length);
    3ee2:	ec 16       	cp	r14, r28
    3ee4:	e1 f7       	brne	.-8      	; 0x3ede <main+0xda>

      // Read command terminator, start reply
      verifySpace();
    3ee6:	5b d0       	rcall	.+182    	; 0x3f9e <verifySpace>
 * void writebuffer(memtype, buffer, address, length)
 */
static inline void writebuffer(int8_t memtype, uint8_t *mybuff,
			       uint16_t address, pagelen_t len)
{
    switch (memtype) {
    3ee8:	15 34       	cpi	r17, 0x45	; 69
    3eea:	09 f4       	brne	.+2      	; 0x3eee <main+0xea>
    3eec:	ff cf       	rjmp	.-2      	; 0x3eec <main+0xe8>
	     * Start the page erase and wait for it to finish.  There
	     * used to be code to do this while receiving the data over
	     * the serial link, but the performance improvement was slight,
	     * and we needed the space back.
	     */
	    do_spm((uint16_t)(void*)address,__BOOT_PAGE_ERASE,0);
    3eee:	c6 01       	movw	r24, r12
    3ef0:	63 e0       	ldi	r22, 0x03	; 3
    3ef2:	40 e0       	ldi	r20, 0x00	; 0
    3ef4:	50 e0       	ldi	r21, 0x00	; 0
    3ef6:	69 d0       	rcall	.+210    	; 0x3fca <do_spm>
    3ef8:	86 01       	movw	r16, r12
    3efa:	c0 e0       	ldi	r28, 0x00	; 0
    3efc:	d1 e0       	ldi	r29, 0x01	; 1
	    /*
	     * Copy data from the buffer into the flash write buffer.
	     */
	    do {
		uint16_t a;
		a = *bufPtr++;
    3efe:	88 81       	ld	r24, Y
    3f00:	90 e0       	ldi	r25, 0x00	; 0
		a |= (*bufPtr++) << 8;
    3f02:	49 81       	ldd	r20, Y+1	; 0x01
    3f04:	50 e0       	ldi	r21, 0x00	; 0
    3f06:	54 2f       	mov	r21, r20
    3f08:	44 27       	eor	r20, r20
    3f0a:	48 2b       	or	r20, r24
    3f0c:	59 2b       	or	r21, r25
  );
}


/* main program starts here */
int main(void) {
    3f0e:	22 96       	adiw	r28, 0x02	; 2
	     */
	    do {
		uint16_t a;
		a = *bufPtr++;
		a |= (*bufPtr++) << 8;
		do_spm((uint16_t)(void*)addrPtr,__BOOT_PAGE_FILL,a);
    3f10:	c8 01       	movw	r24, r16
    3f12:	61 e0       	ldi	r22, 0x01	; 1
    3f14:	5a d0       	rcall	.+180    	; 0x3fca <do_spm>
		addrPtr += 2;
    3f16:	0e 5f       	subi	r16, 0xFE	; 254
    3f18:	1f 4f       	sbci	r17, 0xFF	; 255
	    } while (len -= 2);
    3f1a:	ec 16       	cp	r14, r28
    3f1c:	81 f7       	brne	.-32     	; 0x3efe <main+0xfa>

	    /*
	     * Actually Write the buffer to flash (and wait for it to finish.)
	     */
	    do_spm((uint16_t)(void*)address,__BOOT_PAGE_WRITE,0);
    3f1e:	c6 01       	movw	r24, r12
    3f20:	65 e0       	ldi	r22, 0x05	; 5
    3f22:	40 e0       	ldi	r20, 0x00	; 0
    3f24:	50 e0       	ldi	r21, 0x00	; 0
    3f26:	51 d0       	rcall	.+162    	; 0x3fca <do_spm>
    3f28:	1d c0       	rjmp	.+58     	; 0x3f64 <main+0x160>
      writebuffer(desttype, buff, address, savelength);


    }
    /* Read memory block mode, length is big endian.  */
    else if(ch == STK_READ_PAGE) {
    3f2a:	84 37       	cpi	r24, 0x74	; 116
    3f2c:	69 f4       	brne	.+26     	; 0x3f48 <main+0x144>
      uint8_t desttype;
      GETLENGTH(length);
    3f2e:	25 d0       	rcall	.+74     	; 0x3f7a <getch>
    3f30:	24 d0       	rcall	.+72     	; 0x3f7a <getch>
    3f32:	e8 2e       	mov	r14, r24

      desttype = getch();
    3f34:	22 d0       	rcall	.+68     	; 0x3f7a <getch>

      verifySpace();
    3f36:	33 d0       	rcall	.+102    	; 0x3f9e <verifySpace>
    3f38:	e6 01       	movw	r28, r12
	    __asm__ ("elpm %0,Z+\n" : "=r" (ch), "=z" (address): "1" (address));
#else
	    // read a Flash byte and increment the address
	    __asm__ ("lpm %0,Z+\n" : "=r" (ch), "=z" (address): "1" (address));
#endif
	    putch(ch);
    3f3a:	fe 01       	movw	r30, r28
    3f3c:	85 91       	lpm	r24, Z+
    3f3e:	ef 01       	movw	r28, r30
    3f40:	14 d0       	rcall	.+40     	; 0x3f6a <putch>
	} while (--length);
    3f42:	ea 94       	dec	r14
    3f44:	d1 f7       	brne	.-12     	; 0x3f3a <main+0x136>
    3f46:	0e c0       	rjmp	.+28     	; 0x3f64 <main+0x160>

      read_mem(desttype, address, length);
    }

    /* Get device signature bytes  */
    else if(ch == STK_READ_SIGN) {
    3f48:	85 37       	cpi	r24, 0x75	; 117
    3f4a:	39 f4       	brne	.+14     	; 0x3f5a <main+0x156>
      // READ SIGN - return what Avrdude wants to hear
      verifySpace();
    3f4c:	28 d0       	rcall	.+80     	; 0x3f9e <verifySpace>
      putch(SIGNATURE_0);
    3f4e:	8e e1       	ldi	r24, 0x1E	; 30
    3f50:	0c d0       	rcall	.+24     	; 0x3f6a <putch>
      putch(SIGNATURE_1);
    3f52:	84 e9       	ldi	r24, 0x94	; 148
    3f54:	0a d0       	rcall	.+20     	; 0x3f6a <putch>
      putch(SIGNATURE_2);
    3f56:	86 e0       	ldi	r24, 0x06	; 6
    3f58:	97 cf       	rjmp	.-210    	; 0x3e88 <main+0x84>
    }
    else if (ch == STK_LEAVE_PROGMODE) { /* 'Q' */
    3f5a:	81 35       	cpi	r24, 0x51	; 81
    3f5c:	11 f4       	brne	.+4      	; 0x3f62 <main+0x15e>
      // Adaboot no-wait mod
      watchdogConfig(WATCHDOG_16MS);
    3f5e:	88 e0       	ldi	r24, 0x08	; 8
    3f60:	18 d0       	rcall	.+48     	; 0x3f92 <watchdogConfig>
      verifySpace();
    }
    else {
      // This covers the response to commands like STK_ENTER_PROGMODE
      verifySpace();
    3f62:	1d d0       	rcall	.+58     	; 0x3f9e <verifySpace>
    }
    putch(STK_OK);
    3f64:	80 e1       	ldi	r24, 0x10	; 16
    3f66:	01 d0       	rcall	.+2      	; 0x3f6a <putch>
    3f68:	81 cf       	rjmp	.-254    	; 0x3e6c <main+0x68>

00003f6a <putch>:
  }
}

void putch(char ch) {
    3f6a:	98 2f       	mov	r25, r24
#ifndef SOFT_UART
  while (!(UART_SRA & _BV(UDRE0)));
    3f6c:	80 91 c0 00 	lds	r24, 0x00C0
    3f70:	85 ff       	sbrs	r24, 5
    3f72:	fc cf       	rjmp	.-8      	; 0x3f6c <putch+0x2>
  UART_UDR = ch;
    3f74:	90 93 c6 00 	sts	0x00C6, r25
      [uartBit] "I" (UART_TX_BIT)
    :
      "r25"
  );
#endif
}
    3f78:	08 95       	ret

00003f7a <getch>:
      [uartBit] "I" (UART_RX_BIT)
    :
      "r25"
);
#else
  while(!(UART_SRA & _BV(RXC0)))
    3f7a:	80 91 c0 00 	lds	r24, 0x00C0
    3f7e:	87 ff       	sbrs	r24, 7
    3f80:	fc cf       	rjmp	.-8      	; 0x3f7a <getch>
    ;
  if (!(UART_SRA & _BV(FE0))) {
    3f82:	80 91 c0 00 	lds	r24, 0x00C0
    3f86:	84 fd       	sbrc	r24, 4
    3f88:	01 c0       	rjmp	.+2      	; 0x3f8c <getch+0x12>
}
#endif

// Watchdog functions. These are only safe with interrupts turned off.
void watchdogReset() {
  __asm__ __volatile__ (
    3f8a:	a8 95       	wdr
       * don't care that an invalid char is returned...)
       */
    watchdogReset();
  }

  ch = UART_UDR;
    3f8c:	80 91 c6 00 	lds	r24, 0x00C6
  LED_PIN |= _BV(LED);
#endif
#endif

  return ch;
}
    3f90:	08 95       	ret

00003f92 <watchdogConfig>:
    "wdr\n"
  );
}

void watchdogConfig(uint8_t x) {
  WDTCSR = _BV(WDCE) | _BV(WDE);
    3f92:	e0 e6       	ldi	r30, 0x60	; 96
    3f94:	f0 e0       	ldi	r31, 0x00	; 0
    3f96:	98 e1       	ldi	r25, 0x18	; 24
    3f98:	90 83       	st	Z, r25
  WDTCSR = x;
    3f9a:	80 83       	st	Z, r24
}
    3f9c:	08 95       	ret

00003f9e <verifySpace>:
  do getch(); while (--count);
  verifySpace();
}

void verifySpace() {
  if (getch() != CRC_EOP) {
    3f9e:	ed df       	rcall	.-38     	; 0x3f7a <getch>
    3fa0:	80 32       	cpi	r24, 0x20	; 32
    3fa2:	19 f0       	breq	.+6      	; 0x3faa <verifySpace+0xc>
    watchdogConfig(WATCHDOG_16MS);    // shorten WD timeout
    3fa4:	88 e0       	ldi	r24, 0x08	; 8
    3fa6:	f5 df       	rcall	.-22     	; 0x3f92 <watchdogConfig>
    3fa8:	ff cf       	rjmp	.-2      	; 0x3fa8 <verifySpace+0xa>
    while (1)			      // and busy-loop so that WD causes
      ;				      //  a reset and app start.
  }
  putch(STK_INSYNC);
    3faa:	84 e1       	ldi	r24, 0x14	; 20
}
    3fac:	de cf       	rjmp	.-68     	; 0x3f6a <putch>

00003fae <getNch>:
    ::[count] "M" (UART_B_VALUE)
  );
}
#endif

void getNch(uint8_t count) {
    3fae:	1f 93       	push	r17
    3fb0:	18 2f       	mov	r17, r24
  do getch(); while (--count);
    3fb2:	e3 df       	rcall	.-58     	; 0x3f7a <getch>
    3fb4:	11 50       	subi	r17, 0x01	; 1
    3fb6:	e9 f7       	brne	.-6      	; 0x3fb2 <getNch+0x4>
  verifySpace();
    3fb8:	f2 df       	rcall	.-28     	; 0x3f9e <verifySpace>
}
    3fba:	1f 91       	pop	r17
    3fbc:	08 95       	ret

00003fbe <appStart>:

void appStart(uint8_t rstFlags) {
  // save the reset flags in the designated register
  //  This can be saved in a main program by putting code in .init0 (which
  //  executes before normal c init code) to save R2 to a global variable.
  __asm__ __volatile__ ("mov r2, %0\n" :: "r" (rstFlags));
    3fbe:	28 2e       	mov	r2, r24

  watchdogConfig(WATCHDOG_OFF);
    3fc0:	80 e0       	ldi	r24, 0x00	; 0
    3fc2:	e7 df       	rcall	.-50     	; 0x3f92 <watchdogConfig>
  // Note that appstart_vec is defined so that this works with either
  // real or virtual boot partitions.
  __asm__ __volatile__ (
    3fc4:	e0 e0       	ldi	r30, 0x00	; 0
    3fc6:	ff 27       	eor	r31, r31
    3fc8:	09 94       	ijmp

00003fca <do_spm>:
 *   you could do fill-erase-write sequence with data!=0 in ERASE and
 *   data=0 in WRITE
 */
static void do_spm(uint16_t address, uint8_t command, uint16_t data) {
    // Do spm stuff
    asm volatile (
    3fca:	fc 01       	movw	r30, r24
    3fcc:	0a 01       	movw	r0, r20
    3fce:	67 bf       	out	0x37, r22	; 55
    3fd0:	e8 95       	spm
    3fd2:	11 24       	eor	r1, r1
    );

    // wait for spm to complete
    //   it doesn't have much sense for __BOOT_PAGE_FILL,
    //   but it doesn't hurt and saves some bytes on 'if'
    boot_spm_busy_wait();
    3fd4:	07 b6       	in	r0, 0x37	; 55
    3fd6:	00 fc       	sbrc	r0, 0
    3fd8:	fd cf       	rjmp	.-6      	; 0x3fd4 <do_spm+0xa>
#if defined(RWWSRE)
    // this 'if' condition should be: (command == __BOOT_PAGE_WRITE || command == __BOOT_PAGE_ERASE)...
    // but it's tweaked a little assuming that in every command we are interested in here, there
    // must be also SELFPRGEN set. If we skip checking this bit, we save here 4B
    if ((command & (_BV(PGWRT)|_BV(PGERS))) && (data == 0) ) {
    3fda:	66 70       	andi	r22, 0x06	; 6
    3fdc:	29 f0       	breq	.+10     	; 0x3fe8 <do_spm+0x1e>
    3fde:	45 2b       	or	r20, r21
    3fe0:	19 f4       	brne	.+6      	; 0x3fe8 <do_spm+0x1e>
      // Reenable read access to flash
      boot_rww_enable();
    3fe2:	81 e1       	ldi	r24, 0x11	; 17
    3fe4:	87 bf       	out	0x37, r24	; 55
    3fe6:	e8 95       	spm
    3fe8:	08 95       	ret
